<?xml version="1.0" encoding="UTF-8"?>
<!-- Generated by org.testng.reporters.JUnitXMLReporter -->
<testsuite hostname="L-156180933" ignored="0" name="Default test" tests="7" failures="0" timestamp="2021-01-27T12:43:29 IST" time="62.293" errors="0">
  <testcase name="a_LoginCrendentials" time="1.615" classname="com.hybrid.testcases.LoginFunctionality"/>
  <testcase name="b_loginClick" time="11.628" classname="com.hybrid.testcases.LoginFunctionality"/>
  <testcase name="c_ProgramCreation" time="1.961" classname="com.hybrid.testcases.LoginFunctionality"/>
  <testcase name="d_enteringDataInProgramCreationForm" time="15.478" classname="com.hybrid.testcases.LoginFunctionality"/>
  <testcase name="e_validateCreatedProgramAndClosetheProgram" time="10.675" classname="com.hybrid.testcases.LoginFunctionality"/>
  <testcase name="f_validatePopupInProgramCreationForm" time="5.679" classname="com.hybrid.testcases.LoginFunctionality"/>
  <testcase name="g_logOut" time="1.2" classname="com.hybrid.testcases.LoginFunctionality"/>
</testsuite> <!-- Default test -->
