<?xml version="1.0" encoding="UTF-8"?>
<!-- Generated by org.testng.reporters.JUnitXMLReporter -->
<testsuite hostname="L-156180933" ignored="0" name="Default test" tests="4" failures="0" timestamp="2021-02-02T18:43:32 IST" time="44.319" errors="0">
  <testcase name="a_LoginCrendentials" time="1.4" classname="com.hybrid.testcases.GenericUIValidation"/>
  <testcase name="b_loginClick" time="10.641" classname="com.hybrid.testcases.GenericUIValidation"/>
  <testcase name="e_SelectingPortfolio" time="14.468" classname="com.hybrid.testcases.GenericUIValidation"/>
  <testcase name="tearDown" time="0.003" classname="com.hybrid.testcases.GenericUIValidation"/>
</testsuite> <!-- Default test -->
