<?xml version="1.0" encoding="UTF-8"?>
<!-- Generated by org.testng.reporters.JUnitXMLReporter -->
<testsuite hostname="L-156180933" ignored="0" name="Test" tests="4" failures="0" timestamp="2021-01-25T12:14:47 IST" time="16.105" errors="0">
  <testcase name="@BeforeTest setUp" time="15.993" classname="com.hybrid.testcases.LoginFunctionality">
    <failure type="org.openqa.selenium.TimeoutException" message="timeout: Timed out receiving message from renderer: 3.394
  (Session info: MicrosoftEdge=88.0.705.50)
Build info: version: &amp;apos;3.141.59&amp;apos;, revision: &amp;apos;e82be7d358&amp;apos;, time: &amp;apos;2018-11-14T08:17:03&amp;apos;
System info: host: &amp;apos;L-156180933&amp;apos;, ip: &amp;apos;192.168.225.45&amp;apos;, os.name: &amp;apos;Windows 10&amp;apos;, os.arch: &amp;apos;amd64&amp;apos;, os.version: &amp;apos;10.0&amp;apos;, java.version: &amp;apos;1.8.0_251&amp;apos;
Driver info: org.openqa.selenium.edge.EdgeDriver
Capabilities {acceptInsecureCerts: false, browserName: msedge, browserVersion: 88.0.705.50, javascriptEnabled: true, ms:edgeOptions: {debuggerAddress: localhost:63590}, msedge: {msedgedriverVersion: 87.0.664.75 (4da88d617daabd..., userDataDir: C:\Users\SU316247\AppData\L...}, networkConnectionEnabled: false, pageLoadStrategy: normal, platform: WINDOWS, platformName: WINDOWS, proxy: Proxy(), setWindowRect: true, strictFileInteractability: false, timeouts: {implicit: 0, pageLoad: 300000, script: 30000}, unhandledPromptBehavior: dismiss and notify, webauthn:virtualAuthenticators: true}
Session ID: b244bf87c76e78a423d9a5574afdc927">
      <![CDATA[org.openqa.selenium.TimeoutException: timeout: Timed out receiving message from renderer: 3.394
  (Session info: MicrosoftEdge=88.0.705.50)
Build info: version: '3.141.59', revision: 'e82be7d358', time: '2018-11-14T08:17:03'
System info: host: 'L-156180933', ip: '192.168.225.45', os.name: 'Windows 10', os.arch: 'amd64', os.version: '10.0', java.version: '1.8.0_251'
Driver info: org.openqa.selenium.edge.EdgeDriver
Capabilities {acceptInsecureCerts: false, browserName: msedge, browserVersion: 88.0.705.50, javascriptEnabled: true, ms:edgeOptions: {debuggerAddress: localhost:63590}, msedge: {msedgedriverVersion: 87.0.664.75 (4da88d617daabd..., userDataDir: C:\Users\SU316247\AppData\L...}, networkConnectionEnabled: false, pageLoadStrategy: normal, platform: WINDOWS, platformName: WINDOWS, proxy: Proxy(), setWindowRect: true, strictFileInteractability: false, timeouts: {implicit: 0, pageLoad: 300000, script: 30000}, unhandledPromptBehavior: dismiss and notify, webauthn:virtualAuthenticators: true}
Session ID: b244bf87c76e78a423d9a5574afdc927
at org.openqa.selenium.remote.http.W3CHttpResponseCodec.createException(W3CHttpResponseCodec.java:187)
at org.openqa.selenium.remote.http.W3CHttpResponseCodec.decode(W3CHttpResponseCodec.java:122)
at org.openqa.selenium.remote.http.W3CHttpResponseCodec.decode(W3CHttpResponseCodec.java:49)
at org.openqa.selenium.remote.HttpCommandExecutor.execute(HttpCommandExecutor.java:158)
at org.openqa.selenium.remote.service.DriverCommandExecutor.execute(DriverCommandExecutor.java:83)
at org.openqa.selenium.remote.RemoteWebDriver.execute(RemoteWebDriver.java:552)
at org.openqa.selenium.remote.RemoteWebDriver.get(RemoteWebDriver.java:277)
at com.hybrid.baseclass.Base.initialization(Base.java:75)
at com.hybrid.testcases.LoginFunctionality.setUp(LoginFunctionality.java:40)
... Removed 28 stack frames]]>
    </failure>
  </testcase> <!-- @BeforeTest setUp -->
  <testcase name="@AfterTest tearDown" time="-1.611557087042E9" classname="com.hybrid.testcases.LoginFunctionality">
    <skipped/>
  </testcase> <!-- @AfterTest tearDown -->
  <testcase name="a_LoginCrendentials" time="0.0" classname="com.hybrid.testcases.LoginFunctionality">
    <skipped/>
  </testcase> <!-- a_LoginCrendentials -->
  <testcase name="b_loginClick" time="0.0" classname="com.hybrid.testcases.LoginFunctionality">
    <skipped/>
  </testcase> <!-- b_loginClick -->
  <testcase name="c_ProgramCreation" time="0.0" classname="com.hybrid.testcases.LoginFunctionality">
    <skipped/>
  </testcase> <!-- c_ProgramCreation -->
  <testcase name="d_clickEvent" time="0.0" classname="com.hybrid.testcases.LoginFunctionality">
    <skipped/>
  </testcase> <!-- d_clickEvent -->
</testsuite> <!-- Test -->
