<?xml version="1.0" encoding="UTF-8"?>
<!-- Generated by org.testng.reporters.JUnitXMLReporter -->
<testsuite hostname="L-156180933" ignored="0" name="Test1" tests="7" failures="0" timestamp="2021-02-06T11:30:05 IST" time="0.141" errors="0">
  <testcase name="@BeforeTest setUp" time="0.027" classname="com.hybrid.testcases.GenericUIValidation">
    <failure type="java.lang.IllegalStateException" message="The path to the driver executable must be set by the webdriver.gecko.driver system property; for more information, see https://github.com/mozilla/geckodriver. The latest version can be downloaded from https://github.com/mozilla/geckodriver/releases">
      <![CDATA[java.lang.IllegalStateException: The path to the driver executable must be set by the webdriver.gecko.driver system property; for more information, see https://github.com/mozilla/geckodriver. The latest version can be downloaded from https://github.com/mozilla/geckodriver/releases
at com.google.common.base.Preconditions.checkState(Preconditions.java:847)
at org.openqa.selenium.remote.service.DriverService.findExecutable(DriverService.java:134)
at org.openqa.selenium.firefox.GeckoDriverService.access$100(GeckoDriverService.java:44)
at org.openqa.selenium.firefox.GeckoDriverService$Builder.findDefaultExecutable(GeckoDriverService.java:167)
at org.openqa.selenium.remote.service.DriverService$Builder.build(DriverService.java:355)
at org.openqa.selenium.firefox.FirefoxDriver.toExecutor(FirefoxDriver.java:190)
at org.openqa.selenium.firefox.FirefoxDriver.<init>(FirefoxDriver.java:147)
at org.openqa.selenium.firefox.FirefoxDriver.<init>(FirefoxDriver.java:125)
at com.hybrid.baseclass.Base.initialization(Base.java:53)
at com.hybrid.testcases.GenericUIValidation.setUp(GenericUIValidation.java:31)
... Removed 24 stack frames]]>
    </failure>
  </testcase> <!-- @BeforeTest setUp -->
  <testcase name="a_LoginCrendentials" time="0.0" classname="com.hybrid.testcases.GenericUIValidation">
    <skipped/>
  </testcase> <!-- a_LoginCrendentials -->
  <testcase name="b_loginClick" time="0.0" classname="com.hybrid.testcases.GenericUIValidation">
    <skipped/>
  </testcase> <!-- b_loginClick -->
  <testcase name="c_addingColumn" time="0.0" classname="com.hybrid.testcases.GenericUIValidation">
    <skipped/>
  </testcase> <!-- c_addingColumn -->
  <testcase name="d_selectingStartAndEndDate" time="0.0" classname="com.hybrid.testcases.GenericUIValidation">
    <skipped/>
  </testcase> <!-- d_selectingStartAndEndDate -->
  <testcase name="e_SelectingPortfolio" time="0.0" classname="com.hybrid.testcases.GenericUIValidation">
    <skipped/>
  </testcase> <!-- e_SelectingPortfolio -->
  <testcase name="f_logOut" time="0.0" classname="com.hybrid.testcases.GenericUIValidation">
    <skipped/>
  </testcase> <!-- f_logOut -->
  <testcase name="tearDown" time="0.0" classname="com.hybrid.testcases.GenericUIValidation">
    <skipped/>
  </testcase> <!-- tearDown -->
</testsuite> <!-- Test1 -->
