<?xml version="1.0" encoding="UTF-8"?>
<!-- Generated by org.testng.reporters.JUnitXMLReporter -->
<testsuite hostname="L-156180933" ignored="0" name="Test" tests="7" failures="0" timestamp="2021-02-06T11:30:00 IST" time="6.54" errors="0">
  <testcase name="@BeforeTest setUp" time="0.242" classname="com.hybrid.testcases.LoginFunctionality">
    <failure type="java.lang.IllegalStateException" message="The path to the driver executable must be set by the webdriver.gecko.driver system property; for more information, see https://github.com/mozilla/geckodriver. The latest version can be downloaded from https://github.com/mozilla/geckodriver/releases">
      <![CDATA[java.lang.IllegalStateException: The path to the driver executable must be set by the webdriver.gecko.driver system property; for more information, see https://github.com/mozilla/geckodriver. The latest version can be downloaded from https://github.com/mozilla/geckodriver/releases
at com.google.common.base.Preconditions.checkState(Preconditions.java:847)
at org.openqa.selenium.remote.service.DriverService.findExecutable(DriverService.java:134)
at org.openqa.selenium.firefox.GeckoDriverService.access$100(GeckoDriverService.java:44)
at org.openqa.selenium.firefox.GeckoDriverService$Builder.findDefaultExecutable(GeckoDriverService.java:167)
at org.openqa.selenium.remote.service.DriverService$Builder.build(DriverService.java:355)
at org.openqa.selenium.firefox.FirefoxDriver.toExecutor(FirefoxDriver.java:190)
at org.openqa.selenium.firefox.FirefoxDriver.<init>(FirefoxDriver.java:147)
at org.openqa.selenium.firefox.FirefoxDriver.<init>(FirefoxDriver.java:125)
at com.hybrid.baseclass.Base.initialization(Base.java:53)
at com.hybrid.testcases.LoginFunctionality.setUp(LoginFunctionality.java:41)
... Removed 24 stack frames]]>
    </failure>
  </testcase> <!-- @BeforeTest setUp -->
  <testcase name="@AfterTest tearDown" time="-1.612591198851E9" classname="com.hybrid.testcases.LoginFunctionality">
    <skipped/>
  </testcase> <!-- @AfterTest tearDown -->
  <testcase name="a_LoginCrendentials" time="0.0" classname="com.hybrid.testcases.LoginFunctionality">
    <skipped/>
  </testcase> <!-- a_LoginCrendentials -->
  <testcase name="b_loginClick" time="0.0" classname="com.hybrid.testcases.LoginFunctionality">
    <skipped/>
  </testcase> <!-- b_loginClick -->
  <testcase name="c_ProgramCreation" time="0.0" classname="com.hybrid.testcases.LoginFunctionality">
    <skipped/>
  </testcase> <!-- c_ProgramCreation -->
  <testcase name="d_enteringDataInProgramCreationForm" time="0.0" classname="com.hybrid.testcases.LoginFunctionality">
    <skipped/>
  </testcase> <!-- d_enteringDataInProgramCreationForm -->
  <testcase name="e_validateCreatedProgramAndClosetheProgram" time="0.0" classname="com.hybrid.testcases.LoginFunctionality">
    <skipped/>
  </testcase> <!-- e_validateCreatedProgramAndClosetheProgram -->
  <testcase name="f_validatePopupInProgramCreationForm" time="0.0" classname="com.hybrid.testcases.LoginFunctionality">
    <skipped/>
  </testcase> <!-- f_validatePopupInProgramCreationForm -->
  <testcase name="g_logOut" time="0.0" classname="com.hybrid.testcases.LoginFunctionality">
    <skipped/>
  </testcase> <!-- g_logOut -->
</testsuite> <!-- Test -->
