<?xml version="1.0" encoding="UTF-8"?>
<testsuite xmlns:xsi="http://www.w3.org/2001/XMLSchema-instance" xsi:noNamespaceSchemaLocation="https://maven.apache.org/surefire/maven-surefire-plugin/xsd/surefire-test-report-3.0.xsd" version="3.0" name="TestSuite" time="76.136" tests="4" errors="0" skipped="0" failures="3">
  <properties>
[...]
</properties>
  <testcase name="a_LoginCrendentials" classname="com.hybrid.testcases.LoginFunctionality" time="3.04">
    <system-err><![CDATA[Starting MSEdgeDriver 87.0.664.75 (4da88d617daabd8aec59b88632014fe98444caeb-refs/heads/master@{#838960}) on port 1491
Only local connections are allowed.
Please see https://chromedriver.chromium.org/security-considerations for suggestions on keeping MSEdgeDriver safe.
MSEdgeDriver was started successfully.
Jan 24, 2021 5:05:52 PM org.openqa.selenium.remote.ProtocolHandshake createSession
INFO: Detected dialect: W3C
]]></system-err>
  </testcase>
  <testcase name="b_loginClick" classname="com.hybrid.testcases.LoginFunctionality" time="7.448">
    <failure message="expected [Planisware 6 - Home] but found [Planisware]" type="java.lang.AssertionError"><![CDATA[java.lang.AssertionError: expected [Planisware 6 - Home] but found [Planisware]
	at com.hybrid.testcases.LoginFunctionality.b_loginClick(LoginFunctionality.java:82)
]]></failure>
    <system-out><![CDATA[Screenshot Taken
]]></system-out>
  </testcase>
  <testcase name="c_ProgramCreation" classname="com.hybrid.testcases.LoginFunctionality" time="21.005">
    <failure message="no such element: Unable to locate element: {&quot;method&quot;:&quot;xpath&quot;,&quot;selector&quot;:&quot;//div[@aria-label=&apos;Programs&apos;]&quot;}&#10;  (Session info: MicrosoftEdge=87.0.664.75)&#10;For documentation on this error, please visit: https://www.seleniumhq.org/exceptions/no_such_element.html&#10;Build info: version: &apos;3.141.59&apos;, revision: &apos;e82be7d358&apos;, time: &apos;2018-11-14T08:17:03&apos;&#10;System info: host: &apos;L-156180933&apos;, ip: &apos;192.168.225.45&apos;, os.name: &apos;Windows 10&apos;, os.arch: &apos;amd64&apos;, os.version: &apos;10.0&apos;, java.version: &apos;1.8.0_251&apos;&#10;Driver info: org.openqa.selenium.edge.EdgeDriver&#10;Capabilities {acceptInsecureCerts: false, browserName: msedge, browserVersion: 87.0.664.75, javascriptEnabled: true, ms:edgeOptions: {debuggerAddress: localhost:58314}, msedge: {msedgedriverVersion: 87.0.664.75 (4da88d617daabd..., userDataDir: C:\Users\SU316247\AppData\L...}, networkConnectionEnabled: false, pageLoadStrategy: normal, platform: WINDOWS, platformName: WINDOWS, proxy: Proxy(), setWindowRect: true, strictFileInteractability: false, timeouts: {implicit: 0, pageLoad: 300000, script: 30000}, unhandledPromptBehavior: dismiss and notify, webauthn:virtualAuthenticators: true}&#10;Session ID: ce9617e817072394122840584fd2674b&#10;*** Element info: {Using=xpath, value=//div[@aria-label=&apos;Programs&apos;]}" type="org.openqa.selenium.NoSuchElementException"><![CDATA[org.openqa.selenium.NoSuchElementException: 
no such element: Unable to locate element: {"method":"xpath","selector":"//div[@aria-label='Programs']"}
  (Session info: MicrosoftEdge=87.0.664.75)
For documentation on this error, please visit: https://www.seleniumhq.org/exceptions/no_such_element.html
Build info: version: '3.141.59', revision: 'e82be7d358', time: '2018-11-14T08:17:03'
System info: host: 'L-156180933', ip: '192.168.225.45', os.name: 'Windows 10', os.arch: 'amd64', os.version: '10.0', java.version: '1.8.0_251'
Driver info: org.openqa.selenium.edge.EdgeDriver
Capabilities {acceptInsecureCerts: false, browserName: msedge, browserVersion: 87.0.664.75, javascriptEnabled: true, ms:edgeOptions: {debuggerAddress: localhost:58314}, msedge: {msedgedriverVersion: 87.0.664.75 (4da88d617daabd..., userDataDir: C:\Users\SU316247\AppData\L...}, networkConnectionEnabled: false, pageLoadStrategy: normal, platform: WINDOWS, platformName: WINDOWS, proxy: Proxy(), setWindowRect: true, strictFileInteractability: false, timeouts: {implicit: 0, pageLoad: 300000, script: 30000}, unhandledPromptBehavior: dismiss and notify, webauthn:virtualAuthenticators: true}
Session ID: ce9617e817072394122840584fd2674b
*** Element info: {Using=xpath, value=//div[@aria-label='Programs']}
	at com.hybrid.testcases.LoginFunctionality.c_ProgramCreation(LoginFunctionality.java:92)
]]></failure>
    <system-out><![CDATA[Screenshot Taken
]]></system-out>
  </testcase>
  <testcase name="d_enteringDataInProgramCreationForm[TestProgram, Test@123, O11-Space Others MAG, New Business, Test@123, 3.10307356E8, 3.1025992E8](1)" classname="com.hybrid.testcases.LoginFunctionality" time="20.401">
    <failure message="no such element: Unable to locate element: {&quot;method&quot;:&quot;xpath&quot;,&quot;selector&quot;:&quot;//div[@aria-label=&apos;New&apos;]&quot;}&#10;  (Session info: MicrosoftEdge=87.0.664.75)&#10;For documentation on this error, please visit: https://www.seleniumhq.org/exceptions/no_such_element.html&#10;Build info: version: &apos;3.141.59&apos;, revision: &apos;e82be7d358&apos;, time: &apos;2018-11-14T08:17:03&apos;&#10;System info: host: &apos;L-156180933&apos;, ip: &apos;192.168.225.45&apos;, os.name: &apos;Windows 10&apos;, os.arch: &apos;amd64&apos;, os.version: &apos;10.0&apos;, java.version: &apos;1.8.0_251&apos;&#10;Driver info: org.openqa.selenium.edge.EdgeDriver&#10;Capabilities {acceptInsecureCerts: false, browserName: msedge, browserVersion: 87.0.664.75, javascriptEnabled: true, ms:edgeOptions: {debuggerAddress: localhost:58314}, msedge: {msedgedriverVersion: 87.0.664.75 (4da88d617daabd..., userDataDir: C:\Users\SU316247\AppData\L...}, networkConnectionEnabled: false, pageLoadStrategy: normal, platform: WINDOWS, platformName: WINDOWS, proxy: Proxy(), setWindowRect: true, strictFileInteractability: false, timeouts: {implicit: 0, pageLoad: 300000, script: 30000}, unhandledPromptBehavior: dismiss and notify, webauthn:virtualAuthenticators: true}&#10;Session ID: ce9617e817072394122840584fd2674b&#10;*** Element info: {Using=xpath, value=//div[@aria-label=&apos;New&apos;]}" type="org.openqa.selenium.NoSuchElementException"><![CDATA[org.openqa.selenium.NoSuchElementException: 
no such element: Unable to locate element: {"method":"xpath","selector":"//div[@aria-label='New']"}
  (Session info: MicrosoftEdge=87.0.664.75)
For documentation on this error, please visit: https://www.seleniumhq.org/exceptions/no_such_element.html
Build info: version: '3.141.59', revision: 'e82be7d358', time: '2018-11-14T08:17:03'
System info: host: 'L-156180933', ip: '192.168.225.45', os.name: 'Windows 10', os.arch: 'amd64', os.version: '10.0', java.version: '1.8.0_251'
Driver info: org.openqa.selenium.edge.EdgeDriver
Capabilities {acceptInsecureCerts: false, browserName: msedge, browserVersion: 87.0.664.75, javascriptEnabled: true, ms:edgeOptions: {debuggerAddress: localhost:58314}, msedge: {msedgedriverVersion: 87.0.664.75 (4da88d617daabd..., userDataDir: C:\Users\SU316247\AppData\L...}, networkConnectionEnabled: false, pageLoadStrategy: normal, platform: WINDOWS, platformName: WINDOWS, proxy: Proxy(), setWindowRect: true, strictFileInteractability: false, timeouts: {implicit: 0, pageLoad: 300000, script: 30000}, unhandledPromptBehavior: dismiss and notify, webauthn:virtualAuthenticators: true}
Session ID: ce9617e817072394122840584fd2674b
*** Element info: {Using=xpath, value=//div[@aria-label='New']}
	at com.hybrid.testcases.LoginFunctionality.d_enteringDataInProgramCreationForm(LoginFunctionality.java:100)
]]></failure>
    <system-out><![CDATA[Screenshot Taken
]]></system-out>
  </testcase>
</testsuite>