<?xml version="1.0" encoding="UTF-8"?>
<testng-results skipped="0" failed="0" ignored="0" total="7" passed="7">
  <reporter-output>
  </reporter-output>
  <suite name="Default suite" duration-ms="62293" started-at="2021-01-27T12:42:27 IST" finished-at="2021-01-27T12:43:29 IST">
    <groups>
    </groups>
    <test name="Default test" duration-ms="62293" started-at="2021-01-27T12:42:27 IST" finished-at="2021-01-27T12:43:29 IST">
      <class name="com.hybrid.testcases.LoginFunctionality">
        <test-method status="PASS" signature="setUp()[pri:0, instance:com.hybrid.testcases.LoginFunctionality@609db43b]" name="setUp" is-config="true" duration-ms="12232" started-at="2021-01-27T12:42:27 IST" finished-at="2021-01-27T12:42:39 IST">
          <reporter-output>
          </reporter-output>
        </test-method> <!-- setUp -->
        <test-method status="PASS" signature="a_LoginCrendentials()[pri:0, instance:com.hybrid.testcases.LoginFunctionality@609db43b]" name="a_LoginCrendentials" duration-ms="1615" started-at="2021-01-27T12:42:39 IST" finished-at="2021-01-27T12:42:41 IST">
          <reporter-output>
          </reporter-output>
        </test-method> <!-- a_LoginCrendentials -->
        <test-method status="PASS" signature="b_loginClick()[pri:0, instance:com.hybrid.testcases.LoginFunctionality@609db43b]" name="b_loginClick" duration-ms="11628" started-at="2021-01-27T12:42:41 IST" finished-at="2021-01-27T12:42:53 IST">
          <reporter-output>
          </reporter-output>
        </test-method> <!-- b_loginClick -->
        <test-method status="PASS" signature="c_ProgramCreation()[pri:0, instance:com.hybrid.testcases.LoginFunctionality@609db43b]" name="c_ProgramCreation" duration-ms="1961" started-at="2021-01-27T12:42:53 IST" finished-at="2021-01-27T12:42:55 IST">
          <reporter-output>
          </reporter-output>
        </test-method> <!-- c_ProgramCreation -->
        <test-method status="PASS" signature="d_enteringDataInProgramCreationForm(java.lang.String, java.lang.String, java.lang.String, java.lang.String, java.lang.String, java.lang.String, java.lang.String)[pri:0, instance:com.hybrid.testcases.LoginFunctionality@609db43b]" name="d_enteringDataInProgramCreationForm" duration-ms="15478" started-at="2021-01-27T12:42:56 IST" data-provider="getTestDatFromExcel" finished-at="2021-01-27T12:43:12 IST">
          <params>
            <param index="0">
              <value>
                <![CDATA[TestProgram]]>
              </value>
            </param>
            <param index="1">
              <value>
                <![CDATA[Test@123]]>
              </value>
            </param>
            <param index="2">
              <value>
                <![CDATA[O11-Space Others MAG]]>
              </value>
            </param>
            <param index="3">
              <value>
                <![CDATA[New Business]]>
              </value>
            </param>
            <param index="4">
              <value>
                <![CDATA[Test@123]]>
              </value>
            </param>
            <param index="5">
              <value>
                <![CDATA[310307356]]>
              </value>
            </param>
            <param index="6">
              <value>
                <![CDATA[320069738]]>
              </value>
            </param>
          </params>
          <reporter-output>
          </reporter-output>
        </test-method> <!-- d_enteringDataInProgramCreationForm -->
        <test-method status="PASS" signature="e_validateCreatedProgramAndClosetheProgram()[pri:0, instance:com.hybrid.testcases.LoginFunctionality@609db43b]" name="e_validateCreatedProgramAndClosetheProgram" duration-ms="10675" started-at="2021-01-27T12:43:12 IST" finished-at="2021-01-27T12:43:22 IST">
          <reporter-output>
          </reporter-output>
        </test-method> <!-- e_validateCreatedProgramAndClosetheProgram -->
        <test-method status="PASS" signature="f_validatePopupInProgramCreationForm()[pri:0, instance:com.hybrid.testcases.LoginFunctionality@609db43b]" name="f_validatePopupInProgramCreationForm" duration-ms="5679" started-at="2021-01-27T12:43:22 IST" finished-at="2021-01-27T12:43:28 IST">
          <reporter-output>
          </reporter-output>
        </test-method> <!-- f_validatePopupInProgramCreationForm -->
        <test-method status="PASS" signature="g_logOut()[pri:0, instance:com.hybrid.testcases.LoginFunctionality@609db43b]" name="g_logOut" duration-ms="1200" started-at="2021-01-27T12:43:28 IST" finished-at="2021-01-27T12:43:29 IST">
          <reporter-output>
          </reporter-output>
        </test-method> <!-- g_logOut -->
        <test-method status="PASS" signature="tearDown()[pri:0, instance:com.hybrid.testcases.LoginFunctionality@609db43b]" name="tearDown" is-config="true" duration-ms="1" started-at="2021-01-27T12:43:29 IST" finished-at="2021-01-27T12:43:29 IST">
          <reporter-output>
          </reporter-output>
        </test-method> <!-- tearDown -->
      </class> <!-- com.hybrid.testcases.LoginFunctionality -->
    </test> <!-- Default test -->
  </suite> <!-- Default suite -->
</testng-results>
