<?xml version="1.0" encoding="UTF-8"?>
<testng-results skipped="0" failed="0" ignored="0" total="4" passed="4">
  <reporter-output>
  </reporter-output>
  <suite name="Default suite" duration-ms="44319" started-at="2021-02-02T18:42:47 IST" finished-at="2021-02-02T18:43:32 IST">
    <groups>
    </groups>
    <test name="Default test" duration-ms="44319" started-at="2021-02-02T18:42:47 IST" finished-at="2021-02-02T18:43:32 IST">
      <class name="com.hybrid.testcases.GenericUIValidation">
        <test-method status="PASS" signature="setUp()[pri:0, instance:com.hybrid.testcases.GenericUIValidation@7748410a]" name="setUp" is-config="true" duration-ms="17707" started-at="2021-02-02T18:42:47 IST" finished-at="2021-02-02T18:43:05 IST">
          <reporter-output>
          </reporter-output>
        </test-method> <!-- setUp -->
        <test-method status="PASS" signature="a_LoginCrendentials()[pri:0, instance:com.hybrid.testcases.GenericUIValidation@7748410a]" name="a_LoginCrendentials" duration-ms="1400" started-at="2021-02-02T18:43:05 IST" finished-at="2021-02-02T18:43:07 IST">
          <reporter-output>
          </reporter-output>
        </test-method> <!-- a_LoginCrendentials -->
        <test-method status="PASS" signature="b_loginClick()[pri:0, instance:com.hybrid.testcases.GenericUIValidation@7748410a]" name="b_loginClick" duration-ms="10641" started-at="2021-02-02T18:43:07 IST" finished-at="2021-02-02T18:43:17 IST">
          <reporter-output>
          </reporter-output>
        </test-method> <!-- b_loginClick -->
        <test-method status="PASS" signature="e_SelectingPortfolio()[pri:0, instance:com.hybrid.testcases.GenericUIValidation@7748410a]" name="e_SelectingPortfolio" duration-ms="14468" started-at="2021-02-02T18:43:17 IST" finished-at="2021-02-02T18:43:32 IST">
          <reporter-output>
          </reporter-output>
        </test-method> <!-- e_SelectingPortfolio -->
        <test-method status="PASS" signature="tearDown()[pri:0, instance:com.hybrid.testcases.GenericUIValidation@7748410a]" name="tearDown" duration-ms="3" started-at="2021-02-02T18:43:32 IST" finished-at="2021-02-02T18:43:32 IST">
          <reporter-output>
          </reporter-output>
        </test-method> <!-- tearDown -->
      </class> <!-- com.hybrid.testcases.GenericUIValidation -->
    </test> <!-- Default test -->
  </suite> <!-- Default suite -->
</testng-results>
