<?xml version="1.0" encoding="UTF-8"?>
<testng-results skipped="0" failed="1" ignored="0" total="4" passed="3">
  <reporter-output>
  </reporter-output>
  <suite name="Default suite" duration-ms="48424" started-at="2021-01-25T18:37:39 IST" finished-at="2021-01-25T18:38:28 IST">
    <groups>
    </groups>
    <test name="Default test" duration-ms="48424" started-at="2021-01-25T18:37:39 IST" finished-at="2021-01-25T18:38:28 IST">
      <class name="com.hybrid.testcases.LoginFunctionality">
        <test-method status="PASS" signature="setUp()[pri:0, instance:com.hybrid.testcases.LoginFunctionality@609db43b]" name="setUp" is-config="true" duration-ms="11491" started-at="2021-01-25T18:37:39 IST" finished-at="2021-01-25T18:37:51 IST">
          <reporter-output>
          </reporter-output>
        </test-method> <!-- setUp -->
        <test-method status="PASS" signature="a_LoginCrendentials()[pri:0, instance:com.hybrid.testcases.LoginFunctionality@609db43b]" name="a_LoginCrendentials" duration-ms="1584" started-at="2021-01-25T18:37:51 IST" finished-at="2021-01-25T18:37:52 IST">
          <reporter-output>
          </reporter-output>
        </test-method> <!-- a_LoginCrendentials -->
        <test-method status="FAIL" signature="b_loginClick()[pri:0, instance:com.hybrid.testcases.LoginFunctionality@609db43b]" name="b_loginClick" duration-ms="13150" started-at="2021-01-25T18:37:52 IST" finished-at="2021-01-25T18:38:06 IST">
          <exception class="org.openqa.selenium.TimeoutException">
            <message>
              <![CDATA[timeout: Timed out receiving message from renderer: 10.000
  (Session info: MicrosoftEdge=88.0.705.50)
Build info: version: '3.141.59', revision: 'e82be7d358', time: '2018-11-14T08:17:03'
System info: host: 'L-156180933', ip: '192.168.225.45', os.name: 'Windows 10', os.arch: 'amd64', os.version: '10.0', java.version: '1.8.0_251'
Driver info: org.openqa.selenium.edge.EdgeDriver
Capabilities {acceptInsecureCerts: false, browserName: msedge, browserVersion: 88.0.705.50, javascriptEnabled: true, ms:edgeOptions: {debuggerAddress: localhost:60794}, msedge: {msedgedriverVersion: 87.0.664.75 (4da88d617daabd..., userDataDir: C:\Users\SU316247\AppData\L...}, networkConnectionEnabled: false, pageLoadStrategy: normal, platform: WINDOWS, platformName: WINDOWS, proxy: Proxy(), setWindowRect: true, strictFileInteractability: false, timeouts: {implicit: 0, pageLoad: 300000, script: 30000}, unhandledPromptBehavior: dismiss and notify, webauthn:virtualAuthenticators: true}
Session ID: ea3ff98ea3593cb4f8341991b7f39eb4]]>
            </message>
            <full-stacktrace>
              <![CDATA[org.openqa.selenium.TimeoutException: timeout: Timed out receiving message from renderer: 10.000
  (Session info: MicrosoftEdge=88.0.705.50)
Build info: version: '3.141.59', revision: 'e82be7d358', time: '2018-11-14T08:17:03'
System info: host: 'L-156180933', ip: '192.168.225.45', os.name: 'Windows 10', os.arch: 'amd64', os.version: '10.0', java.version: '1.8.0_251'
Driver info: org.openqa.selenium.edge.EdgeDriver
Capabilities {acceptInsecureCerts: false, browserName: msedge, browserVersion: 88.0.705.50, javascriptEnabled: true, ms:edgeOptions: {debuggerAddress: localhost:60794}, msedge: {msedgedriverVersion: 87.0.664.75 (4da88d617daabd..., userDataDir: C:\Users\SU316247\AppData\L...}, networkConnectionEnabled: false, pageLoadStrategy: normal, platform: WINDOWS, platformName: WINDOWS, proxy: Proxy(), setWindowRect: true, strictFileInteractability: false, timeouts: {implicit: 0, pageLoad: 300000, script: 30000}, unhandledPromptBehavior: dismiss and notify, webauthn:virtualAuthenticators: true}
Session ID: ea3ff98ea3593cb4f8341991b7f39eb4
at sun.reflect.NativeConstructorAccessorImpl.newInstance0(Native Method)
at sun.reflect.NativeConstructorAccessorImpl.newInstance(NativeConstructorAccessorImpl.java:62)
at sun.reflect.DelegatingConstructorAccessorImpl.newInstance(DelegatingConstructorAccessorImpl.java:45)
at java.lang.reflect.Constructor.newInstance(Constructor.java:423)
at org.openqa.selenium.remote.http.W3CHttpResponseCodec.createException(W3CHttpResponseCodec.java:187)
at org.openqa.selenium.remote.http.W3CHttpResponseCodec.decode(W3CHttpResponseCodec.java:122)
at org.openqa.selenium.remote.http.W3CHttpResponseCodec.decode(W3CHttpResponseCodec.java:49)
at org.openqa.selenium.remote.HttpCommandExecutor.execute(HttpCommandExecutor.java:158)
at org.openqa.selenium.remote.service.DriverCommandExecutor.execute(DriverCommandExecutor.java:83)
at org.openqa.selenium.remote.RemoteWebDriver.execute(RemoteWebDriver.java:552)
at org.openqa.selenium.remote.RemoteWebElement.execute(RemoteWebElement.java:285)
at org.openqa.selenium.remote.RemoteWebElement.click(RemoteWebElement.java:84)
at sun.reflect.NativeMethodAccessorImpl.invoke0(Native Method)
at sun.reflect.NativeMethodAccessorImpl.invoke(NativeMethodAccessorImpl.java:62)
at sun.reflect.DelegatingMethodAccessorImpl.invoke(DelegatingMethodAccessorImpl.java:43)
at java.lang.reflect.Method.invoke(Method.java:498)
at org.openqa.selenium.support.pagefactory.internal.LocatingElementHandler.invoke(LocatingElementHandler.java:51)
at com.sun.proxy.$Proxy27.click(Unknown Source)
at com.hybrid.pageobjects.LoginPage_02.loginClick(LoginPage_02.java:46)
at com.hybrid.testcases.LoginFunctionality.b_loginClick(LoginFunctionality.java:77)
at sun.reflect.NativeMethodAccessorImpl.invoke0(Native Method)
at sun.reflect.NativeMethodAccessorImpl.invoke(NativeMethodAccessorImpl.java:62)
at sun.reflect.DelegatingMethodAccessorImpl.invoke(DelegatingMethodAccessorImpl.java:43)
at java.lang.reflect.Method.invoke(Method.java:498)
at org.testng.internal.MethodInvocationHelper.invokeMethod(MethodInvocationHelper.java:132)
at org.testng.internal.TestInvoker.invokeMethod(TestInvoker.java:599)
at org.testng.internal.TestInvoker.invokeTestMethod(TestInvoker.java:174)
at org.testng.internal.MethodRunner.runInSequence(MethodRunner.java:46)
at org.testng.internal.TestInvoker$MethodInvocationAgent.invoke(TestInvoker.java:822)
at org.testng.internal.TestInvoker.invokeTestMethods(TestInvoker.java:147)
at org.testng.internal.TestMethodWorker.invokeTestMethods(TestMethodWorker.java:146)
at org.testng.internal.TestMethodWorker.run(TestMethodWorker.java:128)
at java.util.ArrayList.forEach(ArrayList.java:1257)
at org.testng.TestRunner.privateRun(TestRunner.java:764)
at org.testng.TestRunner.run(TestRunner.java:585)
at org.testng.SuiteRunner.runTest(SuiteRunner.java:384)
at org.testng.SuiteRunner.runSequentially(SuiteRunner.java:378)
at org.testng.SuiteRunner.privateRun(SuiteRunner.java:337)
at org.testng.SuiteRunner.run(SuiteRunner.java:286)
at org.testng.SuiteRunnerWorker.runSuite(SuiteRunnerWorker.java:53)
at org.testng.SuiteRunnerWorker.run(SuiteRunnerWorker.java:96)
at org.testng.TestNG.runSuitesSequentially(TestNG.java:1218)
at org.testng.TestNG.runSuitesLocally(TestNG.java:1140)
at org.testng.TestNG.runSuites(TestNG.java:1069)
at org.testng.TestNG.run(TestNG.java:1037)
at org.testng.remote.AbstractRemoteTestNG.run(AbstractRemoteTestNG.java:115)
at org.testng.remote.RemoteTestNG.initAndRun(RemoteTestNG.java:251)
at org.testng.remote.RemoteTestNG.main(RemoteTestNG.java:77)
]]>
            </full-stacktrace>
          </exception> <!-- org.openqa.selenium.TimeoutException -->
          <reporter-output>
          </reporter-output>
        </test-method> <!-- b_loginClick -->
        <test-method status="PASS" signature="c_ProgramCreation()[pri:0, instance:com.hybrid.testcases.LoginFunctionality@609db43b]" name="c_ProgramCreation" duration-ms="13491" started-at="2021-01-25T18:38:06 IST" finished-at="2021-01-25T18:38:19 IST">
          <reporter-output>
          </reporter-output>
        </test-method> <!-- c_ProgramCreation -->
        <test-method status="PASS" signature="d_enteringDataInProgramCreationForm(java.lang.String, java.lang.String, java.lang.String, java.lang.String, java.lang.String, java.lang.String, java.lang.String)[pri:0, instance:com.hybrid.testcases.LoginFunctionality@609db43b]" name="d_enteringDataInProgramCreationForm" duration-ms="7299" started-at="2021-01-25T18:38:20 IST" data-provider="getTestDatFromExcel" finished-at="2021-01-25T18:38:28 IST">
          <params>
            <param index="0">
              <value>
                <![CDATA[TestProgram]]>
              </value>
            </param>
            <param index="1">
              <value>
                <![CDATA[Test@123]]>
              </value>
            </param>
            <param index="2">
              <value>
                <![CDATA[O11-Space Others MAG]]>
              </value>
            </param>
            <param index="3">
              <value>
                <![CDATA[New Business]]>
              </value>
            </param>
            <param index="4">
              <value>
                <![CDATA[Test@123]]>
              </value>
            </param>
            <param index="5">
              <value>
                <![CDATA[310307356]]>
              </value>
            </param>
            <param index="6">
              <value>
                <![CDATA[320069738]]>
              </value>
            </param>
          </params>
          <reporter-output>
          </reporter-output>
        </test-method> <!-- d_enteringDataInProgramCreationForm -->
        <test-method status="PASS" signature="tearDown()[pri:0, instance:com.hybrid.testcases.LoginFunctionality@609db43b]" name="tearDown" is-config="true" duration-ms="0" started-at="2021-01-25T18:38:28 IST" finished-at="2021-01-25T18:38:28 IST">
          <reporter-output>
          </reporter-output>
        </test-method> <!-- tearDown -->
      </class> <!-- com.hybrid.testcases.LoginFunctionality -->
    </test> <!-- Default test -->
  </suite> <!-- Default suite -->
</testng-results>
